<?xml version="1.0" encoding="UTF-8"?>
<testng-results ignored="0" total="2" passed="2" failed="0" skipped="0">
  <reporter-output>
  </reporter-output>
  <suite started-at="2022-06-28T13:53:38 MYT" name="Suite" finished-at="2022-06-28T13:53:58 MYT" duration-ms="19876">
    <groups>
    </groups>
    <test started-at="2022-06-28T13:53:38 MYT" name="Navigate to BGP" finished-at="2022-06-28T13:53:58 MYT" duration-ms="19876">
      <class name="BusinessGrantPortal.HomePage">
        <test-method is-config="true" signature="initialize()[pri:0, instance:BusinessGrantPortal.HomePage@44e3760b]" started-at="2022-06-28T13:53:38 MYT" name="initialize" finished-at="2022-06-28T13:53:43 MYT" duration-ms="5500" status="PASS">
          <reporter-output>
          </reporter-output>
        </test-method> <!-- initialize -->
        <test-method signature="basePageNavigation(java.lang.String,java.lang.String)[pri:0, instance:BusinessGrantPortal.HomePage@44e3760b]" started-at="2022-06-28T13:53:43 MYT" name="basePageNavigation" data-provider="getData" finished-at="2022-06-28T13:53:45 MYT" duration-ms="2006" status="PASS">
          <params>
            <param index="0">
              <value>
                <![CDATA[public]]>
              </value>
            </param>
            <param index="1">
              <value>
                <![CDATA[Let$BeC001]]>
              </value>
            </param>
          </params>
          <reporter-output>
          </reporter-output>
        </test-method> <!-- basePageNavigation -->
        <test-method is-config="true" signature="tearDown()[pri:0, instance:BusinessGrantPortal.HomePage@44e3760b]" started-at="2022-06-28T13:53:45 MYT" name="tearDown" finished-at="2022-06-28T13:53:50 MYT" duration-ms="4168" status="PASS">
          <reporter-output>
          </reporter-output>
        </test-method> <!-- tearDown -->
        <test-method is-config="true" signature="initialize()[pri:0, instance:BusinessGrantPortal.HomePage@44e3760b]" started-at="2022-06-28T13:53:50 MYT" name="initialize" finished-at="2022-06-28T13:53:57 MYT" duration-ms="7384" status="PASS">
          <reporter-output>
          </reporter-output>
        </test-method> <!-- initialize -->
        <test-method signature="basePageNavigation(java.lang.String,java.lang.String)[pri:0, instance:BusinessGrantPortal.HomePage@44e3760b]" started-at="2022-06-28T13:53:57 MYT" name="basePageNavigation" data-provider="getData" finished-at="2022-06-28T13:53:57 MYT" duration-ms="540" status="PASS">
          <params>
            <param index="0">
              <value>
                <![CDATA[private]]>
              </value>
            </param>
            <param index="1">
              <value>
                <![CDATA[password]]>
              </value>
            </param>
          </params>
          <reporter-output>
          </reporter-output>
        </test-method> <!-- basePageNavigation -->
        <test-method is-config="true" signature="tearDown()[pri:0, instance:BusinessGrantPortal.HomePage@44e3760b]" started-at="2022-06-28T13:53:57 MYT" name="tearDown" finished-at="2022-06-28T13:53:58 MYT" duration-ms="201" status="PASS">
          <reporter-output>
          </reporter-output>
        </test-method> <!-- tearDown -->
      </class> <!-- BusinessGrantPortal.HomePage -->
    </test> <!-- Navigate to BGP -->
  </suite> <!-- Suite -->
</testng-results>
