<?xml version="1.0" encoding="UTF-8"?>
<!-- Generated by org.testng.reporters.JUnitXMLReporter -->
<testsuite hostname="DESKTOP-ECFTPTT" ignored="0" name="Apply Grant" tests="2" failures="0" timestamp="2022-06-30T18:33:30 SGT" time="39.656" errors="0">
  <testcase name="userVerifyEligibilityForGrant" time="16.146" classname="BusinessGrantPortal.GrantEligibility"/>
  <testcase name="userFillUpContactDetails" time="10.356" classname="BusinessGrantPortal.FillUpContactDetails"/>
</testsuite> <!-- Apply Grant -->
